This is pdfTeX, Version 3.141592653-2.6-1.40.24 (TeX Live 2022) (preloaded format=latex 2022.5.16)  6 JAN 2023 09:44
entering extended mode
 restricted \write18 enabled.
 %&-line parsing enabled.
**\makeatletter\def\HCode{\futurelet\HCode\HChar}\def\HChar{\ifx"\HCode\def\HCo
de"##1"{\Link##1}\expandafter\HCode\else\expandafter\Link\fi}\def\Link#1.a.b.c.
{\AddToHook{class/before}{\RequirePackage[#1,html]{tex4ht}}\let\HCode\documents
tyle\def\documentstyle{\let\documentstyle\HCode\expandafter\def\csname tex4ht\e
ndcsname{#1,html}\def\HCode####1{\documentstyle[tex4ht,}\@ifnextchar[{\HCode}{\
documentstyle[tex4ht]}}}\makeatother\HCode xhtml,mathml,mathjax,charset=utf-8,h
tml5.a.b.c.\input "\detokenize{2022_12_25_Proof_Stochastic_Gradient_Descent.tex
}"
(./2022_12_25_Proof_Stochastic_Gradient_Descent.tex (/usr/local/texlive/2022/te
xmf-dist/tex/generic/tex4ht/tex4ht.sty
version 2022-04-19-13:53
Package: tex4ht 
--------------------------------------
--- Note --- for _ at preamble, use the command line option `early_'
--------------------------------------
--------------------------------------
--- Note --- for ^ at preamble, use the command line option `early^'
--------------------------------------
\tmp:toks=\toks16
) (/usr/local/texlive/2022/texmf-dist/tex/latex/tufte-latex/tufte-handout.cls
Document Class: tufte-handout 2015/06/21 v3.5.2 Tufte-handout class
(/usr/local/texlive/2022/texmf-dist/tex/latex/tufte-latex/tufte-common.def
File: tufte-common.def 2015/06/21 v3.5.2 Common code for the Tufte-LaTeX styles

(/usr/local/texlive/2022/texmf-dist/tex/generic/tex4ht/usepackage.4ht
version 2022-03-16-14:13
) (/usr/local/texlive/2022/texmf-dist/tex/latex/xkeyval/xkeyval.sty
Package: xkeyval 2020/11/20 v2.8 package option processing (HA)
(/usr/local/texlive/2022/texmf-dist/tex/generic/xkeyval/xkeyval.tex (/usr/local
/texlive/2022/texmf-dist/tex/generic/xkeyval/xkvutils.tex
\XKV@toks=\toks17
\XKV@tempa@toks=\toks18
(/usr/local/texlive/2022/texmf-dist/tex/generic/xkeyval/keyval.tex))
\XKV@depth=\count185
File: xkeyval.tex 2014/12/03 v2.7a key=value parser (HA)
)) (/usr/local/texlive/2022/texmf-dist/tex/latex/xifthen/xifthen.sty
Package: xifthen 2015/11/05 v1.4.0 Extended ifthen features
(/usr/local/texlive/2022/texmf-dist/tex/latex/tools/calc.sty
Package: calc 2017/05/25 v4.3 Infix arithmetic (KKT,FJ)
\calc@Acount=\count186
\calc@Bcount=\count187
\calc@Adimen=\dimen138
\calc@Bdimen=\dimen139
\calc@Askip=\skip47
\calc@Bskip=\skip48
LaTeX Info: Redefining \setlength on input line 80.
LaTeX Info: Redefining \addtolength on input line 81.
\calc@Ccount=\count188
\calc@Cskip=\skip49
) (/usr/local/texlive/2022/texmf-dist/tex/latex/base/ifthen.sty
Package: ifthen 2020/11/24 v1.1c Standard LaTeX ifthen package (DPC)
) (/usr/local/texlive/2022/texmf-dist/tex/latex/ifmtarg/ifmtarg.sty
Package: ifmtarg 2018/04/16 v1.2b check for an empty argument
)) (/usr/local/texlive/2022/texmf-dist/tex/latex/hardwrap/hardwrap.sty
Package: hardwrap 2011/02/12 v0.2 Hard wrap messages
(/usr/local/texlive/2022/texmf-dist/tex/latex/ifplatform/ifplatform.sty
Package: ifplatform 2017/10/13 v0.4a Testing for the operating system
(/usr/local/texlive/2022/texmf-dist/tex/latex/tools/shellesc.sty
Package: shellesc 2019/11/08 v1.0c unified shell escape interface for LaTeX
Package shellesc Info: Restricted shell escape enabled on input line 77.
) (/usr/local/texlive/2022/texmf-dist/tex/generic/pdftexcmds/pdftexcmds.sty
Package: pdftexcmds 2020-06-27 v0.33 Utility functions of pdfTeX for LuaTeX (HO
)
(/usr/local/texlive/2022/texmf-dist/tex/generic/infwarerr/infwarerr.sty
Package: infwarerr 2019/12/03 v1.5 Providing info/warning/error messages (HO)
) (/usr/local/texlive/2022/texmf-dist/tex/generic/iftex/iftex.sty
Package: iftex 2022/02/03 v1.0f TeX engine tests
) (/usr/local/texlive/2022/texmf-dist/tex/generic/ltxcmds/ltxcmds.sty
Package: ltxcmds 2020-05-10 v1.25 LaTeX kernel commands for general use (HO)
)
Package pdftexcmds Info: \pdf@primitive is available.
Package pdftexcmds Info: \pdf@ifprimitive is available.
Package pdftexcmds Info: \pdfdraftmode is ignored in DVI mode.
) (/usr/local/texlive/2022/texmf-dist/tex/generic/catchfile/catchfile.sty
Package: catchfile 2019/12/09 v1.8 Catch the contents of a file (HO)
(/usr/local/texlive/2022/texmf-dist/tex/generic/etexcmds/etexcmds.sty
Package: etexcmds 2019/12/15 v1.7 Avoid name clashes with e-TeX commands (HO)
)) (/usr/local/texlive/2022/texmf-dist/tex/generic/iftex/ifluatex.sty
Package: ifluatex 2019/10/25 v1.5 ifluatex legacy package. Use iftex instead.
)

Package ifplatform Warning: 
    shell escape is disabled, so I can only detect \ifwindows.

) (/usr/local/texlive/2022/texmf-dist/tex/generic/iftex/ifxetex.sty
Package: ifxetex 2019/10/25 v0.7 ifxetex legacy package. Use iftex instead.
)
\hw@charcount=\count189
\hw@wordcount=\count190
\hw@maxprintline=\count191
(|kpsewhich -var-value=max_print_line))

Class tufte-handout Warning: Option `12pt' is not supported -- ignoring option

Class tufte-handout Info: Passing english to the `article' class.
Class tufte-handout Info: Loading the base class `article'
(/usr/local/texlive/2022/texmf-dist/tex/latex/base/article.cls
Document Class: article 2021/10/04 v1.4n Standard LaTeX document class
(/usr/local/texlive/2022/texmf-dist/tex/latex/base/size10.clo
File: size10.clo 2021/10/04 v1.4n Standard LaTeX file (size option)
)
\c@part=\count192
\c@section=\count193
\c@subsection=\count194
\c@subsubsection=\count195
\c@paragraph=\count196
\c@subparagraph=\count197
\c@figure=\count198
\c@table=\count199
\abovecaptionskip=\skip50
\belowcaptionskip=\skip51
\bibindent=\dimen140
) (/usr/local/texlive/2022/texmf-dist/tex/generic/iftex/ifpdf.sty
Package: ifpdf 2019/10/25 v3.4 ifpdf legacy package. Use iftex instead.
) (/usr/local/texlive/2022/texmf-dist/tex/generic/tex4ht/titlesec-hooks.4ht
version 2022-03-16-14:13
) (/usr/local/texlive/2022/texmf-dist/tex/latex/titlesec/titlesec.sty
Package: titlesec 2021/07/05 v2.14 Sectioning titles
\ttl@box=\box50
\beforetitleunit=\skip52
\aftertitleunit=\skip53
\ttl@plus=\dimen141
\ttl@minus=\dimen142
\ttl@toksa=\toks19
\titlewidth=\dimen143
\titlewidthlast=\dimen144
\titlewidthfirst=\dimen145
) (/usr/local/texlive/2022/texmf-dist/tex/latex/titlesec/titletoc.sty
Package: titletoc 2021/07/05 v2.14 TOC entries
\ttl@leftsep=\dimen146
) (/usr/local/texlive/2022/texmf-dist/tex/latex/ragged2e/ragged2e.sty
Package: ragged2e 2021/12/15 v3.1 ragged2e Package
\CenteringLeftskip=\skip54
\RaggedLeftLeftskip=\skip55
\RaggedRightLeftskip=\skip56
\CenteringRightskip=\skip57
\RaggedLeftRightskip=\skip58
\RaggedRightRightskip=\skip59
\CenteringParfillskip=\skip60
\RaggedLeftParfillskip=\skip61
\RaggedRightParfillskip=\skip62
\JustifyingParfillskip=\skip63
\CenteringParindent=\skip64
\RaggedLeftParindent=\skip65
\RaggedRightParindent=\skip66
\JustifyingParindent=\skip67
) (/usr/local/texlive/2022/texmf-dist/tex/latex/geometry/geometry.sty
Package: geometry 2020/01/02 v5.9 Page Geometry
(/usr/local/texlive/2022/texmf-dist/tex/generic/iftex/ifvtex.sty
Package: ifvtex 2019/10/25 v1.7 ifvtex legacy package. Use iftex instead.
)
\Gm@cnth=\count266
\Gm@cntv=\count267
\c@Gm@tempcnt=\count268
\Gm@bindingoffset=\dimen147
\Gm@wd@mp=\dimen148
\Gm@odd@mp=\dimen149
\Gm@even@mp=\dimen150
\Gm@layoutwidth=\dimen151
\Gm@layoutheight=\dimen152
\Gm@layouthoffset=\dimen153
\Gm@layoutvoffset=\dimen154
\Gm@dimlist=\toks20
) (/usr/local/texlive/2022/texmf-dist/tex/latex/changepage/changepage.sty
Package: changepage 2009/10/20 v1.0c check page and change page layout
\c@cp@cntr=\count269
\cp@tempcnt=\count270
)
\@tufte@overhang=\skip68
\@tufte@fullwidth=\skip69
\@tufte@caption@fill=\skip70
(/usr/local/texlive/2022/texmf-dist/tex/latex/paralist/paralist.sty
Package: paralist 2017/01/22 v2.7 Extended list environments
\pltopsep=\skip71
\plpartopsep=\skip72
\plitemsep=\skip73
\plparsep=\skip74
\pl@lab=\toks21
) (/usr/local/texlive/2022/texmf-dist/tex/latex/textcase/textcase.sty
Package: textcase 2019/09/14 v1.00 Text only upper/lower case changing (DPC)
) (/usr/local/texlive/2022/texmf-dist/tex/generic/soul/soul.sty
Package: soul 2003/11/17 v2.4 letterspacing/underlining (mf)
\SOUL@word=\toks22
\SOUL@lasttoken=\toks23
\SOUL@cmds=\toks24
\SOUL@buffer=\toks25
\SOUL@token=\toks26
\SOUL@spaceskip=\skip75
\SOUL@ttwidth=\dimen155
\SOUL@uldp=\dimen156
\SOUL@ulht=\dimen157
)
LaTeX Info: Redefining \allcapsspacing on input line 737.
LaTeX Info: Redefining \smallcapsspacing on input line 737.
(/usr/local/texlive/2022/texmf-dist/tex/latex/setspace/setspace.sty
Package: setspace 2011/12/19 v6.7a set line spacing
) (/usr/local/texlive/2022/texmf-dist/tex/generic/tex4ht/xcolor-hooks.4ht
version 2020-10-17-13:53
) (/usr/local/texlive/2022/texmf-dist/tex/latex/xcolor/xcolor.sty
Package: xcolor 2021/10/31 v2.13 LaTeX color extensions (UK)
(/usr/local/texlive/2022/texmf-dist/tex/latex/graphics-cfg/color.cfg
File: color.cfg 2016/01/02 v1.6 sample color configuration
)
Package xcolor Info: Package option `usenames' ignored on input line 218.
Package xcolor Info: Driver file: dvips.def on input line 227.
(/usr/local/texlive/2022/texmf-dist/tex/latex/graphics-def/dvips.def
File: dvips.def 2017/06/20 v3.1d Graphics/color driver for dvips
)
Package xcolor Info: Model `cmy' substituted by `cmy0' on input line 1352.
Package xcolor Info: Model `RGB' extended on input line 1368.
Package xcolor Info: Model `HTML' substituted by `rgb' on input line 1370.
Package xcolor Info: Model `Hsb' substituted by `hsb' on input line 1371.
Package xcolor Info: Model `tHsb' substituted by `hsb' on input line 1372.
Package xcolor Info: Model `HSB' substituted by `hsb' on input line 1373.
Package xcolor Info: Model `Gray' substituted by `gray' on input line 1374.
Package xcolor Info: Model `wave' substituted by `hsb' on input line 1375.
(/usr/local/texlive/2022/texmf-dist/tex/latex/graphics/dvipsnam.def
File: dvipsnam.def 2016/06/17 v3.0m Driver-dependent file (DPC,SPQR)
) (/usr/local/texlive/2022/texmf-dist/tex/latex/xcolor/svgnam.def
File: svgnam.def 2021/10/31 v2.13 Predefined colors according to SVG 1.1 (UK)
)) (/usr/local/texlive/2022/texmf-dist/tex/latex/natbib/natbib.sty
Package: natbib 2010/09/13 8.31b (PWD, AO)
\bibhang=\skip76
\bibsep=\skip77
LaTeX Info: Redefining \cite on input line 694.
\c@NAT@ctr=\count271
) (/usr/local/texlive/2022/texmf-dist/tex/latex/natbib/bibentry.sty
Package: bibentry 2007/10/30 1.5 (PWD)
)
No file 2022_12_25_Proof_Stochastic_Gradient_Descent.bbl.
\c@@tufte@num@bibkeys=\count272
(/usr/local/texlive/2022/texmf-dist/tex/latex/sauerj/optparams.sty
Package: optparams 2004/08/14 v0.9 multiple optional parameters in macros
)
\@tufte@sidenote@vertical@offset=\skip78
(/usr/local/texlive/2022/texmf-dist/tex/latex/placeins/placeins.sty
Package: placeins 2005/04/18  v 2.2
)
\@tufte@margin@floatbox=\box51
\@tufte@figure@box=\box52
\@tufte@caption@box=\box53
\@tufte@caption@vertical@offset=\skip79
\@tufte@float@contents@width=\skip80
(/usr/local/texlive/2022/texmf-dist/tex/latex/psnfss/mathpazo.sty
Package: mathpazo 2020/03/25 PSNFSS-v9.3 Palatino w/ Pazo Math (D.Puga, WaS) 
\symupright=\mathgroup4
) (/usr/local/texlive/2022/texmf-dist/tex/latex/psnfss/helvet.sty
Package: helvet 2020/03/25 PSNFSS-v9.3 (WaS) 
) (/usr/local/texlive/2022/texmf-dist/tex/latex/bera/beramono.sty
Package: beramono 2004/01/31 (WaS)
) (/usr/local/texlive/2022/texmf-dist/tex/latex/base/fontenc.sty
Package: fontenc 2021/04/29 v2.0v Standard LaTeX package
LaTeX Font Info:    Trying to load font information for T1+pplj on input line 1
12.
(/usr/local/texlive/2022/texmf-dist/tex/latex/psnfss/t1pplj.fd
File: t1pplj.fd 2004/09/06 font definitions for T1/pplj.
)) (/usr/local/texlive/2022/texmf-dist/tex/latex/base/textcomp.sty
Package: textcomp 2020/02/02 v2.0n Standard LaTeX package
) (/usr/local/texlive/2022/texmf-dist/tex/generic/tex4ht/fancyhdr-hooks.4ht
version 2020-10-17-13:53
) (/usr/local/texlive/2022/texmf-dist/tex/latex/fancyhdr/fancyhdr.sty
Package: fancyhdr 2022/05/10 v4.0.2 Extensive control of page headers and foote
rs
\f@nch@headwidth=\skip81
\f@nch@O@elh=\skip82
\f@nch@O@erh=\skip83
\f@nch@O@olh=\skip84
\f@nch@O@orh=\skip85
\f@nch@O@elf=\skip86
\f@nch@O@erf=\skip87
\f@nch@O@olf=\skip88
\f@nch@O@orf=\skip89
)
\tufteskipamount=\skip90
(/usr/local/texlive/2022/texmf-dist/tex/latex/tools/multicol.sty
Package: multicol 2021/10/28 v1.9b multicolumn formatting (FMi)
\c@tracingmulticols=\count273
\mult@box=\box54
\multicol@leftmargin=\dimen158
\c@unbalance=\count274
\c@collectmore=\count275
\doublecol@number=\count276
\multicoltolerance=\count277
\multicolpretolerance=\count278
\full@width=\dimen159
\page@free=\dimen160
\premulticols=\dimen161
\postmulticols=\dimen162
\multicolsep=\skip91
\multicolbaselineskip=\skip92
\partial@page=\box55
\last@line=\box56
\maxbalancingoverflow=\dimen163
\mult@rightbox=\box57
\mult@grightbox=\box58
\mult@firstbox=\box59
\mult@gfirstbox=\box60
\@tempa=\box61
\@tempa=\box62
\@tempa=\box63
\@tempa=\box64
\@tempa=\box65
\@tempa=\box66
\@tempa=\box67
\@tempa=\box68
\@tempa=\box69
\@tempa=\box70
\@tempa=\box71
\@tempa=\box72
\@tempa=\box73
\@tempa=\box74
\@tempa=\box75
\@tempa=\box76
\@tempa=\box77
\@tempa=\box78
\@tempa=\box79
\@tempa=\box80
\@tempa=\box81
\@tempa=\box82
\@tempa=\box83
\@tempa=\box84
\@tempa=\box85
\@tempa=\box86
\@tempa=\box87
\@tempa=\box88
\@tempa=\box89
\@tempa=\box90
\@tempa=\box91
\@tempa=\box92
\@tempa=\box93
\@tempa=\box94
\@tempa=\box95
\@tempa=\box96
\c@minrows=\count279
\c@columnbadness=\count280
\c@finalcolumnbadness=\count281
\last@try=\dimen164
\multicolovershoot=\dimen165
\multicolundershoot=\dimen166
\mult@nat@firstbox=\box97
\colbreak@box=\box98
\mc@col@check@num=\count282
))) (/usr/local/texlive/2022/texmf-dist/tex/latex/base/fontenc.sty
Package: fontenc 2021/04/29 v2.0v Standard LaTeX package
) (/usr/local/texlive/2022/texmf-dist/tex/latex/base/inputenc.sty
Package: inputenc 2021/02/14 v1.3d Input encoding file
\inpenc@prehook=\toks27
\inpenc@posthook=\toks28
(/usr/local/texlive/2022/texmf-dist/tex/latex/base/latin9.def
File: latin9.def 2021/02/14 v1.3d Input encoding file
)) (/usr/local/texlive/2022/texmf-dist/tex/generic/babel/babel.sty
Package: babel 2022/04/30 3.74 The Babel package
\babel@savecnt=\count283
\U@D=\dimen167
\l@unhyphenated=\language87
(/usr/local/texlive/2022/texmf-dist/tex/generic/babel/txtbabel.def)
\bbl@readstream=\read2
\bbl@dirlevel=\count284
(/usr/local/texlive/2022/texmf-dist/tex/generic/babel-english/english.ldf
Language: english 2017/06/06 v3.3r English support from the babel system
Package babel Info: Hyphen rules for 'canadian' set to \l@english
(babel)             (\language0). Reported on input line 102.
Package babel Info: Hyphen rules for 'australian' set to \l@ukenglish
(babel)             (\language21). Reported on input line 105.
Package babel Info: Hyphen rules for 'newzealand' set to \l@ukenglish
(babel)             (\language21). Reported on input line 108.
)) (/usr/local/texlive/2022/texmf-dist/tex/latex/float/float.sty
Package: float 2001/11/08 v1.3d Float enhancements (AL)
\c@float@type=\count285
\float@exts=\toks29
\float@box=\box99
\@float@everytoks=\toks30
\@floatcapt=\box100
) (/usr/local/texlive/2022/texmf-dist/tex/latex/amsmath/amsmath.sty
Package: amsmath 2021/10/15 v2.17l AMS math features
\@mathmargin=\skip93
For additional information on amsmath, use the `?' option.
(/usr/local/texlive/2022/texmf-dist/tex/latex/amsmath/amstext.sty
Package: amstext 2021/08/26 v2.01 AMS text
(/usr/local/texlive/2022/texmf-dist/tex/latex/amsmath/amsgen.sty
File: amsgen.sty 1999/11/30 v2.0 generic functions
\@emptytoks=\toks31
\ex@=\dimen168
)) (/usr/local/texlive/2022/texmf-dist/tex/latex/amsmath/amsbsy.sty
Package: amsbsy 1999/11/29 v1.2d Bold Symbols
\pmbraise@=\dimen169
) (/usr/local/texlive/2022/texmf-dist/tex/latex/amsmath/amsopn.sty
Package: amsopn 2021/08/26 v2.02 operator names
)
\inf@bad=\count286
LaTeX Info: Redefining \frac on input line 234.
\uproot@=\count287
\leftroot@=\count288
LaTeX Info: Redefining \overline on input line 399.
\classnum@=\count289
\DOTSCASE@=\count290
LaTeX Info: Redefining \ldots on input line 496.
LaTeX Info: Redefining \dots on input line 499.
LaTeX Info: Redefining \cdots on input line 620.
\Mathstrutbox@=\box101
\strutbox@=\box102
\big@size=\dimen170
LaTeX Font Info:    Redeclaring font encoding OML on input line 743.
LaTeX Font Info:    Redeclaring font encoding OMS on input line 744.
\macc@depth=\count291
\c@MaxMatrixCols=\count292
\dotsspace@=\muskip16
\c@parentequation=\count293
\dspbrk@lvl=\count294
\tag@help=\toks32
\row@=\count295
\column@=\count296
\maxfields@=\count297
\andhelp@=\toks33
\eqnshift@=\dimen171
\alignsep@=\dimen172
\tagshift@=\dimen173
\tagwidth@=\dimen174
\totwidth@=\dimen175
\lineht@=\dimen176
\@envbody=\toks34
\multlinegap=\skip94
\multlinetaggap=\skip95
\mathdisplay@stack=\toks35
LaTeX Info: Redefining \[ on input line 2938.
LaTeX Info: Redefining \] on input line 2939.
) (/usr/local/texlive/2022/texmf-dist/tex/latex/amscls/amsthm.sty
Package: amsthm 2020/05/29 v2.20.6
\thm@style=\toks36
\thm@bodyfont=\toks37
\thm@headfont=\toks38
\thm@notefont=\toks39
\thm@headpunct=\toks40
\thm@preskip=\skip96
\thm@postskip=\skip97
\thm@headsep=\skip98
\dth@everypar=\toks41
) (/usr/local/texlive/2022/texmf-dist/tex/latex/amsfonts/amssymb.sty
Package: amssymb 2013/01/14 v3.01 AMS font symbols
(/usr/local/texlive/2022/texmf-dist/tex/latex/amsfonts/amsfonts.sty
Package: amsfonts 2013/01/14 v3.01 Basic AMSFonts support
\symAMSa=\mathgroup5
\symAMSb=\mathgroup6
LaTeX Font Info:    Redeclaring math symbol \hbar on input line 98.
LaTeX Font Info:    Overwriting math alphabet `\mathfrak' in version `bold'
(Font)                  U/euf/m/n --> U/euf/b/n on input line 106.
)) (/usr/local/texlive/2022/texmf-dist/tex/generic/tex4ht/hyperref-hooks.4ht
version 2022-02-22-13:25
) (/usr/local/texlive/2022/texmf-dist/tex/latex/hyperref/hyperref.sty
Package: hyperref 2022-05-13 v7.00o Hypertext links for LaTeX
(/usr/local/texlive/2022/texmf-dist/tex/generic/kvsetkeys/kvsetkeys.sty
Package: kvsetkeys 2019/12/15 v1.18 Key value parser (HO)
) (/usr/local/texlive/2022/texmf-dist/tex/generic/kvdefinekeys/kvdefinekeys.sty
Package: kvdefinekeys 2019-12-19 v1.6 Define keys (HO)
) (/usr/local/texlive/2022/texmf-dist/tex/generic/pdfescape/pdfescape.sty
Package: pdfescape 2019/12/09 v1.15 Implements pdfTeX's escape features (HO)
) (/usr/local/texlive/2022/texmf-dist/tex/latex/hycolor/hycolor.sty
Package: hycolor 2020-01-27 v1.10 Color options for hyperref/bookmark (HO)
) (/usr/local/texlive/2022/texmf-dist/tex/latex/letltxmacro/letltxmacro.sty
Package: letltxmacro 2019/12/03 v1.6 Let assignment for LaTeX macros (HO)
) (/usr/local/texlive/2022/texmf-dist/tex/latex/auxhook/auxhook.sty
Package: auxhook 2019-12-17 v1.6 Hooks for auxiliary files (HO)

Package auxhook Warning: Cannot patch \document,
(auxhook)                using \AtBeginDocument instead.

) (/usr/local/texlive/2022/texmf-dist/tex/latex/kvoptions/kvoptions.sty
Package: kvoptions 2020-10-07 v3.14 Key value format for package options (HO)
)
\@linkdim=\dimen177
\Hy@linkcounter=\count298
\Hy@pagecounter=\count299
(/usr/local/texlive/2022/texmf-dist/tex/latex/hyperref/pd1enc.def
File: pd1enc.def 2022-05-13 v7.00o Hyperref: PDFDocEncoding definition (HO)
Now handling font encoding PD1 ...
... no UTF-8 mapping file for font encoding PD1
) (/usr/local/texlive/2022/texmf-dist/tex/generic/intcalc/intcalc.sty
Package: intcalc 2019/12/15 v1.3 Expandable calculations with integers (HO)
)
\Hy@SavedSpaceFactor=\count300
(/usr/local/texlive/2022/texmf-dist/tex/latex/hyperref/puenc.def
File: puenc.def 2022-05-13 v7.00o Hyperref: PDF Unicode definition (HO)
Now handling font encoding PU ...
... no UTF-8 mapping file for font encoding PU
)
Package hyperref Info: Option `colorlinks' set `true' on input line 4023.
Package hyperref Info: Option `hyperfootnotes' set `false' on input line 4023.
Package hyperref Info: Option `unicode' set `true' on input line 4023.
Package hyperref Info: Option `pdfusetitle' set `true' on input line 4023.
Package hyperref Info: Option `bookmarks' set `true' on input line 4023.
Package hyperref Info: Option `bookmarksnumbered' set `true' on input line 4023
.
Package hyperref Info: Option `bookmarksopen' set `true' on input line 4023.
Package hyperref Info: Option `breaklinks' set `true' on input line 4023.
Package hyperref Info: Option `colorlinks' set `false' on input line 4023.
Package hyperref Info: Hyper figures OFF on input line 4142.
Package hyperref Info: Link nesting OFF on input line 4147.
Package hyperref Info: Hyper index ON on input line 4150.
Package hyperref Info: Plain pages OFF on input line 4157.
Package hyperref Info: Backreferencing OFF on input line 4162.
Package hyperref Info: Implicit mode ON; LaTeX internals redefined.
Package hyperref Info: Bookmarks ON on input line 4395.
\c@Hy@tempcnt=\count301
(/usr/local/texlive/2022/texmf-dist/tex/latex/url/url.sty
\Urlmuskip=\muskip17
Package: url 2013/09/16  ver 3.4  Verb mode for urls, etc.
)
LaTeX Info: Redefining \url on input line 4742.
\XeTeXLinkMargin=\dimen178
(/usr/local/texlive/2022/texmf-dist/tex/generic/bitset/bitset.sty
Package: bitset 2019/12/09 v1.3 Handle bit-vector datatype (HO)
(/usr/local/texlive/2022/texmf-dist/tex/generic/bigintcalc/bigintcalc.sty
Package: bigintcalc 2019/12/15 v1.5 Expandable calculations on big integers (HO
)
))
\Fld@menulength=\count302
\Field@Width=\dimen179
\Fld@charsize=\dimen180
\Field@toks=\toks42
Package hyperref Info: Hyper figures OFF on input line 6020.
Package hyperref Info: Link nesting OFF on input line 6025.
Package hyperref Info: Hyper index ON on input line 6028.
Package hyperref Info: backreferencing OFF on input line 6035.
Package hyperref Info: Link coloring OFF on input line 6040.
Package hyperref Info: Link coloring with OCG OFF on input line 6045.
Package hyperref Info: PDF/A mode OFF on input line 6050.
LaTeX Info: Redefining \ref on input line 6097.
LaTeX Info: Redefining \pageref on input line 6097.
(/usr/local/texlive/2022/texmf-dist/tex/latex/base/atbegshi-ltx.sty
Package: atbegshi-ltx 2021/01/10 v1.0c Emulation of the original atbegshi
package with kernel methods
)
\Hy@abspage=\count303

Package hyperref Message: Stopped early.

)
Package hyperref Info: Driver: htex4ht.
(/usr/local/texlive/2022/texmf-dist/tex/latex/hyperref/htex4ht.def
File: htex4ht.def 2022-05-13 v7.00o Hyperref driver for TeX4ht
Package hyperref Info: tex4ht is already loaded.
) (/usr/local/texlive/2022/texmf-dist/tex/latex/hyperref/nameref.sty
Package: nameref 2022-05-13 v2.48 Cross-referencing by name of section
(/usr/local/texlive/2022/texmf-dist/tex/latex/refcount/refcount.sty
Package: refcount 2019/12/15 v3.6 Data extraction from label references (HO)
)
(/usr/local/texlive/2022/texmf-dist/tex/generic/gettitlestring/gettitlestring.s
ty
Package: gettitlestring 2019/12/15 v1.6 Cleanup title references (HO)
)
\c@section@level=\count304
)
\@float@every@algorithm=\toks43
\c@algorithm=\count305
(/usr/local/texlive/2022/texmf-dist/tex/latex/stmaryrd/stmaryrd.sty
Package: stmaryrd 1994/03/03 St Mary's Road symbol package
\symstmry=\mathgroup7
LaTeX Font Info:    Overwriting symbol font `stmry' in version `bold'
(Font)                  U/stmry/m/n --> U/stmry/b/n on input line 89.
)
\c@assumption=\count306
(/usr/local/texlive/2022/texmf-dist/tex/generic/tex4ht/tex4ht.4ht
version 2022-05-01-08:24
--------------------------------------
--- Note --- for additional information, use the command line option `info'
--------------------------------------
::::::::::::::::::::::::::::::::::::::::::
 TeX4ht info is available in the log file 
::::::::::::::::::::::::::::::::::::::::::
) (/usr/local/texlive/2022/texmf-dist/tex/generic/tex4ht/tex4ht.sty
version 2022-04-19-13:53
l.862 --- TeX4ht warning --- nonprimitive \everypar ---
--- needs --- tex4ht 2022_12_25_Proof_Stochastic_Gradient_Descent ---
\tmp:cnt=\count307
\openout15 = `2022_12_25_Proof_Stochastic_Gradient_Descent.tmp'.

(./2022_12_25_Proof_Stochastic_Gradient_Descent.tmp)
\tmp:dim=\skip99
(./2022_12_25_Proof_Stochastic_Gradient_Descent.xref)
\:refout=\write3
\openout3 = `2022_12_25_Proof_Stochastic_Gradient_Descent.xref'.

(/usr/local/texlive/2022/texmf-dist/tex/generic/tex4ht/html4.4ht
version 2022-05-13-14:47
--------------------------------------
--- Note --- to remove the <?xml version=...?> processing instruction use the c
ommand line option `no-VERSION'
--------------------------------------
--------------------------------------
--- Note --- to remove the DOCTYPE declaration use the command line option `no-
DOCTYPE'
--------------------------------------
) (/usr/local/texlive/2022/texmf-dist/tex/generic/tex4ht/unicode.4ht
version 2021-06-19-14:11
) (/usr/local/texlive/2022/texmf-dist/tex/generic/tex4ht/mathml.4ht
version 2022-05-05-13:42
) (/usr/local/texlive/2022/texmf-dist/tex/generic/tex4ht/html-mml.4ht
version 2021-04-17-18:22
) (/usr/local/texlive/2022/texmf-dist/tex/generic/tex4ht/html5.4ht
version 2022-01-23-07:51
)
--------------------------------------
--- Note --- for marking of the base font, use the command line option `fonts+'

--------------------------------------
--------------------------------------
--- Note --- for non active _, use the command line option `no_'
--------------------------------------
--------------------------------------
--- Note --- for _ of catcode 13, use the command line option `_13'
--------------------------------------
--------------------------------------
--- Note --- for non active ^, use the command line option `no^'
--------------------------------------
--------------------------------------
--- Note --- for ^ of catcode 13, use the command line option `^13'
--------------------------------------
(/usr/local/texlive/2022/texmf-dist/tex/generic/tex4ht/html4.4ht
version 2022-05-13-14:47
--------------------------------------
--- Note --- to ignore CSS font decoration, use the `NoFonts' command line opti
on
--------------------------------------
--------------------------------------
--- Note --- for jpg bitmaps of pictures, use the `jpg' command line option. (C
haracter bitmaps are controled only by `g' records of tex4ht.env and `-g' switc
hes of tex4ht.c) 
--------------------------------------
--------------------------------------
--- Note --- for gif bitmaps of pictures, use the `gif' command line option. (C
haracter bitmaps are controled only by `g' records of tex4ht.env and `-g' switc
hes of tex4ht.c) 
--------------------------------------
--------------------------------------
--- Note --- for content and toc in 2 frames, use the command line option `fram
es'
--------------------------------------
--------------------------------------
--- Note --- for content, toc, and footnotes in 3 frames, use the command line 
option `frames-fn'
--------------------------------------
--------------------------------------
--- Note --- for file extension name xht, use the command line option `xht'
--------------------------------------
TeX4ht package options: xhtml,mathml,mathjax,charset=utf-8,html5,html
--------------------------------------
--- Note --- To print a timestamp, use the command line option timestamp
--------------------------------------
--------------------------------------
--- Note --- to ignore CSS code, use the command line option `-css
--------------------------------------
--------------------------------------
--- Note --- for inline CSS code, use the command line option `css-in'
--------------------------------------
--------------------------------------
--- Note --- for pop ups on mouse over, use the command line option `mouseover'

--------------------------------------
--------------------------------------
--- Note --- for addressing images in a subdirectory, use the command line opti
on `imgdir:.../'
--------------------------------------
) (/usr/local/texlive/2022/texmf-dist/tex/generic/tex4ht/unicode.4ht
version 2021-06-19-14:11
) (/usr/local/texlive/2022/texmf-dist/tex/generic/tex4ht/mathml.4ht
version 2022-05-05-13:42
) (/usr/local/texlive/2022/texmf-dist/tex/generic/tex4ht/html-mml.4ht
version 2021-04-17-18:22
) (/usr/local/texlive/2022/texmf-dist/tex/generic/tex4ht/html5.4ht
version 2022-01-23-07:51
--------------------------------------
--- Note --- To print a timestamp, use the command line option timestamp
--------------------------------------
)
\:tokwrite=\toks44
\:tokpage=\toks45
--------------------------------------
--- Note --- for back links to toc, use the command line option `sections+'
--------------------------------------
--------------------------------------
--- Note --- for linear crosslinks of pages, use the command line option `next'

--------------------------------------
\openout15 = `2022_12_25_Proof_Stochastic_Gradient_Descent.4ct'.

\:tocout=\write4
\openout4 = `2022_12_25_Proof_Stochastic_Gradient_Descent.4tc'.

(2022_12_25_Proof_Stochastic_Gradient_Descent.4tc) (/usr/local/texlive/2022/tex
mf-dist/tex/generic/tex4ht/html4.4ht
version 2022-05-13-14:47
) (/usr/local/texlive/2022/texmf-dist/tex/generic/tex4ht/unicode.4ht
version 2021-06-19-14:11
) (/usr/local/texlive/2022/texmf-dist/tex/generic/tex4ht/mathml.4ht
version 2022-05-05-13:42
) (/usr/local/texlive/2022/texmf-dist/tex/generic/tex4ht/html-mml.4ht
version 2021-04-17-18:22
) (/usr/local/texlive/2022/texmf-dist/tex/generic/tex4ht/html5.4ht
version 2022-01-23-07:51
) (/usr/local/texlive/2022/texmf-dist/tex/generic/tex4ht/latex.4ht
version 2022-04-24-13:19
LaTeX Info: Redefining \_ on input line 173.
LaTeX Info: Redefining \, on input line 801.
LaTeX Info: Redefining \; on input line 802.
LaTeX Info: Redefining \! on input line 803.
LaTeX Info: Redefining \: on input line 804.
LaTeX Info: Redefining \> on input line 805.
--------------------------------------
--- Note --- for links into captions, instead of float heads, use the command l
ine option `refcaption'
--------------------------------------
(/usr/local/texlive/2022/texmf-dist/tex/generic/tex4ht/html4.4ht
version 2022-05-13-14:47
) (/usr/local/texlive/2022/texmf-dist/tex/generic/tex4ht/unicode.4ht
version 2021-06-19-14:11
) (/usr/local/texlive/2022/texmf-dist/tex/generic/tex4ht/mathml.4ht
version 2022-05-05-13:42
) (/usr/local/texlive/2022/texmf-dist/tex/generic/tex4ht/html-mml.4ht
version 2021-04-17-18:22
) (/usr/local/texlive/2022/texmf-dist/tex/generic/tex4ht/html5.4ht
version 2022-01-23-07:51
) (/usr/local/texlive/2022/texmf-dist/tex/generic/tex4ht/html4.4ht
version 2022-05-13-14:47
--------------------------------------
--- Note --- For mini tocs immediately aftter the header use the command line o
ption `minitoc<'
--------------------------------------
--------------------------------------
--- Note --- for enumerated list elements with valued data, use the command lin
e option `enumerate+'
--------------------------------------
--------------------------------------
--- Note --- for enumerated list elements li's with value attributes, use the c
ommand line option `enumerate-'
--------------------------------------
--------------------------------------
--- Note --- for CSS2 code, use the command line option `css2'
--------------------------------------
--------------------------------------
--- Note --- for pictorial tabular, use the command line option `pic-tabular'
--------------------------------------
--------------------------------------
--- Note --- for bitmap fbox'es, use the command line option `pic-fbox'
--------------------------------------
--------------------------------------
--- Note --- for bitmap framebox'es, use the command line option `pic-framebox'

--------------------------------------
--------------------------------------
--- Note --- for inline footnotes use command line option `fn-in'
--------------------------------------
--------------------------------------
--- Note --- for tracing of latex font commands, use the command line option `f
onts'
--------------------------------------
--------------------------------------
--- Note --- for width specifications of tabular p entries, use the `p-width' c
ommand line option or a configuration similar to \Configure{HColWidth}{\HCode{ 
style="width:\HColWidth"}}
--------------------------------------
) (/usr/local/texlive/2022/texmf-dist/tex/generic/tex4ht/unicode.4ht
version 2021-06-19-14:11
) (/usr/local/texlive/2022/texmf-dist/tex/generic/tex4ht/mathml.4ht
version 2022-05-05-13:42
) (/usr/local/texlive/2022/texmf-dist/tex/generic/tex4ht/html-mml.4ht
version 2021-04-17-18:22
) (/usr/local/texlive/2022/texmf-dist/tex/generic/tex4ht/html5.4ht
version 2022-01-23-07:51
)) (/usr/local/texlive/2022/texmf-dist/tex/generic/tex4ht/fontmath.4ht
version 2018-11-06-15:55
(/usr/local/texlive/2022/texmf-dist/tex/generic/tex4ht/html4.4ht
version 2022-05-13-14:47
) (/usr/local/texlive/2022/texmf-dist/tex/generic/tex4ht/unicode.4ht
version 2021-06-19-14:11
) (/usr/local/texlive/2022/texmf-dist/tex/generic/tex4ht/mathml.4ht
version 2022-05-05-13:42
\tmp:bx=\box103
[1

]
LaTeX Font Info:    Trying to load font information for OT1+pplx on input line 
1412.
(/usr/local/texlive/2022/texmf-dist/tex/latex/psnfss/ot1pplx.fd
File: ot1pplx.fd 2004/09/06 font definitions for OT1/pplx.
)
LaTeX Font Info:    Trying to load font information for OML+zplm on input line 
1412.
(/usr/local/texlive/2022/texmf-dist/tex/latex/psnfss/omlzplm.fd
File: omlzplm.fd 2002/09/08 Fontinst v1.914 font definitions for OML/zplm.
)
LaTeX Font Info:    Trying to load font information for OMS+zplm on input line 
1412.
(/usr/local/texlive/2022/texmf-dist/tex/latex/psnfss/omszplm.fd
File: omszplm.fd 2002/09/08 Fontinst v1.914 font definitions for OMS/zplm.
)
LaTeX Font Info:    Trying to load font information for OMX+zplm on input line 
1412.
(/usr/local/texlive/2022/texmf-dist/tex/latex/psnfss/omxzplm.fd
File: omxzplm.fd 2002/09/08 Fontinst v1.914 font definitions for OMX/zplm.
)
LaTeX Font Info:    Trying to load font information for OT1+zplm on input line 
1412.
(/usr/local/texlive/2022/texmf-dist/tex/latex/psnfss/ot1zplm.fd
File: ot1zplm.fd 2002/09/08 Fontinst v1.914 font definitions for OT1/zplm.
)
LaTeX Font Info:    Trying to load font information for U+msa on input line 141
2.
(/usr/local/texlive/2022/texmf-dist/tex/latex/amsfonts/umsa.fd
File: umsa.fd 2013/01/14 v3.01 AMS symbols A
)
LaTeX Font Info:    Trying to load font information for U+msb on input line 141
2.
(/usr/local/texlive/2022/texmf-dist/tex/latex/amsfonts/umsb.fd
File: umsb.fd 2013/01/14 v3.01 AMS symbols B
)
LaTeX Font Info:    Trying to load font information for U+stmry on input line 1
412.
(/usr/local/texlive/2022/texmf-dist/tex/latex/stmaryrd/Ustmry.fd)

LaTeX Font Warning: Font shape `U/stmry/b/n' undefined
(Font)              using `U/stmry/m/n' instead on input line 1412.

[2] [3] [4] [5] [6] [7] [8] [9] [10] [11] [12] [13] [14] [15] [16] [17] [18] [1
9] [20] [21] [22] [23] [24] [25] [26] [27] [28] [29] [30] [31] [32] [33] [34] [
35] [36] [37] [38] [39] [40] [41] [42] [43] [44] [45] [46] [47] [48] [49] [50] 
[51] [52] [53]) (/usr/local/texlive/2022/texmf-dist/tex/generic/tex4ht/html-mml
.4ht
version 2021-04-17-18:22
) (/usr/local/texlive/2022/texmf-dist/tex/generic/tex4ht/html5.4ht
version 2022-01-23-07:51
)) (/usr/local/texlive/2022/texmf-dist/tex/generic/tex4ht/xifthen.4ht
version 2021-12-25-13:54
(/usr/local/texlive/2022/texmf-dist/tex/generic/tex4ht/html4.4ht
version 2022-05-13-14:47
) (/usr/local/texlive/2022/texmf-dist/tex/generic/tex4ht/unicode.4ht
version 2021-06-19-14:11
) (/usr/local/texlive/2022/texmf-dist/tex/generic/tex4ht/mathml.4ht
version 2022-05-05-13:42
) (/usr/local/texlive/2022/texmf-dist/tex/generic/tex4ht/html-mml.4ht
version 2021-04-17-18:22
) (/usr/local/texlive/2022/texmf-dist/tex/generic/tex4ht/html5.4ht
version 2022-01-23-07:51
)) (/usr/local/texlive/2022/texmf-dist/tex/generic/tex4ht/ifthen.4ht
version 2022-01-02-14:32
(/usr/local/texlive/2022/texmf-dist/tex/generic/tex4ht/html4.4ht
version 2022-05-13-14:47
) (/usr/local/texlive/2022/texmf-dist/tex/generic/tex4ht/unicode.4ht
version 2021-06-19-14:11
) (/usr/local/texlive/2022/texmf-dist/tex/generic/tex4ht/mathml.4ht
version 2022-05-05-13:42
) (/usr/local/texlive/2022/texmf-dist/tex/generic/tex4ht/html-mml.4ht
version 2021-04-17-18:22
) (/usr/local/texlive/2022/texmf-dist/tex/generic/tex4ht/html5.4ht
version 2022-01-23-07:51
)) (/usr/local/texlive/2022/texmf-dist/tex/generic/tex4ht/article.4ht
version 2022-02-22-13:25
(/usr/local/texlive/2022/texmf-dist/tex/generic/tex4ht/html4.4ht
version 2022-05-13-14:47
--------------------------------------
--- Note --- for automatic sectioning pagination, use the command line option `
1', `2', `3', '4', '5', '6', or '7'
--------------------------------------
--------------------------------------
--- Note --- for files named derived from section titles, use the command line 
option `sec-filename'
--------------------------------------
--------------------------------------
--- Note --- for i-columns index, use the command line option `index=i' (e.g., 
index=2)
--------------------------------------
) (/usr/local/texlive/2022/texmf-dist/tex/generic/tex4ht/unicode.4ht
version 2021-06-19-14:11
) (/usr/local/texlive/2022/texmf-dist/tex/generic/tex4ht/mathml.4ht
version 2022-05-05-13:42
) (/usr/local/texlive/2022/texmf-dist/tex/generic/tex4ht/html-mml.4ht
version 2021-04-17-18:22
) (/usr/local/texlive/2022/texmf-dist/tex/generic/tex4ht/html5.4ht
version 2022-01-23-07:51
)) (/usr/local/texlive/2022/texmf-dist/tex/generic/tex4ht/titlesec.4ht
version 2021-03-02-13:43
(/usr/local/texlive/2022/texmf-dist/tex/generic/tex4ht/html4.4ht
version 2022-05-13-14:47
) (/usr/local/texlive/2022/texmf-dist/tex/generic/tex4ht/unicode.4ht
version 2021-06-19-14:11
) (/usr/local/texlive/2022/texmf-dist/tex/generic/tex4ht/mathml.4ht
version 2022-05-05-13:42
) (/usr/local/texlive/2022/texmf-dist/tex/generic/tex4ht/html-mml.4ht
version 2021-04-17-18:22
) (/usr/local/texlive/2022/texmf-dist/tex/generic/tex4ht/html5.4ht
version 2022-01-23-07:51
)) (/usr/local/texlive/2022/texmf-dist/tex/generic/tex4ht/geometry.4ht
version 2016-07-01-08:55
(/usr/local/texlive/2022/texmf-dist/tex/generic/tex4ht/html4.4ht
version 2022-05-13-14:47
) (/usr/local/texlive/2022/texmf-dist/tex/generic/tex4ht/unicode.4ht
version 2021-06-19-14:11
) (/usr/local/texlive/2022/texmf-dist/tex/generic/tex4ht/mathml.4ht
version 2022-05-05-13:42
) (/usr/local/texlive/2022/texmf-dist/tex/generic/tex4ht/html-mml.4ht
version 2021-04-17-18:22
) (/usr/local/texlive/2022/texmf-dist/tex/generic/tex4ht/html5.4ht
version 2022-01-23-07:51
)) (/usr/local/texlive/2022/texmf-dist/tex/generic/tex4ht/paralist.4ht
version 2009-05-21-09:32
(/usr/local/texlive/2022/texmf-dist/tex/generic/tex4ht/html4.4ht
version 2022-05-13-14:47
) (/usr/local/texlive/2022/texmf-dist/tex/generic/tex4ht/unicode.4ht
version 2021-06-19-14:11
) (/usr/local/texlive/2022/texmf-dist/tex/generic/tex4ht/mathml.4ht
version 2022-05-05-13:42
) (/usr/local/texlive/2022/texmf-dist/tex/generic/tex4ht/html-mml.4ht
version 2021-04-17-18:22
) (/usr/local/texlive/2022/texmf-dist/tex/generic/tex4ht/html5.4ht
version 2022-01-23-07:51
)) (/usr/local/texlive/2022/texmf-dist/tex/generic/tex4ht/soul.4ht
version 2009-05-21-09:32
(/usr/local/texlive/2022/texmf-dist/tex/generic/tex4ht/html4.4ht
version 2022-05-13-14:47
) (/usr/local/texlive/2022/texmf-dist/tex/generic/tex4ht/unicode.4ht
version 2021-06-19-14:11
) (/usr/local/texlive/2022/texmf-dist/tex/generic/tex4ht/mathml.4ht
version 2022-05-05-13:42
) (/usr/local/texlive/2022/texmf-dist/tex/generic/tex4ht/html-mml.4ht
version 2021-04-17-18:22
) (/usr/local/texlive/2022/texmf-dist/tex/generic/tex4ht/html5.4ht
version 2022-01-23-07:51
)) (/usr/local/texlive/2022/texmf-dist/tex/generic/tex4ht/xcolor.4ht
version 2022-04-17-09:34
(/usr/local/texlive/2022/texmf-dist/tex/generic/tex4ht/color.4ht
version 2022-02-01-14:27
(/usr/local/texlive/2022/texmf-dist/tex/generic/tex4ht/html4.4ht
version 2022-05-13-14:47
) (/usr/local/texlive/2022/texmf-dist/tex/generic/tex4ht/unicode.4ht
version 2021-06-19-14:11
) (/usr/local/texlive/2022/texmf-dist/tex/generic/tex4ht/mathml.4ht
version 2022-05-05-13:42
) (/usr/local/texlive/2022/texmf-dist/tex/generic/tex4ht/html-mml.4ht
version 2021-04-17-18:22
) (/usr/local/texlive/2022/texmf-dist/tex/generic/tex4ht/html5.4ht
version 2022-01-23-07:51
)) (/usr/local/texlive/2022/texmf-dist/tex/generic/tex4ht/html4.4ht
version 2022-05-13-14:47
) (/usr/local/texlive/2022/texmf-dist/tex/generic/tex4ht/unicode.4ht
version 2021-06-19-14:11
) (/usr/local/texlive/2022/texmf-dist/tex/generic/tex4ht/mathml.4ht
version 2022-05-05-13:42
) (/usr/local/texlive/2022/texmf-dist/tex/generic/tex4ht/html-mml.4ht
version 2021-04-17-18:22
) (/usr/local/texlive/2022/texmf-dist/tex/generic/tex4ht/html5.4ht
version 2022-01-23-07:51
)) (/usr/local/texlive/2022/texmf-dist/tex/generic/tex4ht/color.4ht
version 2022-02-01-14:27
) (/usr/local/texlive/2022/texmf-dist/tex/generic/tex4ht/dvips.4ht
version 2009-05-21-09:32
(/usr/local/texlive/2022/texmf-dist/tex/generic/tex4ht/html4.4ht
version 2022-05-13-14:47
) (/usr/local/texlive/2022/texmf-dist/tex/generic/tex4ht/unicode.4ht
version 2021-06-19-14:11
) (/usr/local/texlive/2022/texmf-dist/tex/generic/tex4ht/mathml.4ht
version 2022-05-05-13:42
) (/usr/local/texlive/2022/texmf-dist/tex/generic/tex4ht/html-mml.4ht
version 2021-04-17-18:22
) (/usr/local/texlive/2022/texmf-dist/tex/generic/tex4ht/html5.4ht
version 2022-01-23-07:51
)) (/usr/local/texlive/2022/texmf-dist/tex/generic/tex4ht/dvipsnam.4ht
version 2009-05-21-09:32
(/usr/local/texlive/2022/texmf-dist/tex/latex/graphics/dvipsnam.def) (/usr/loca
l/texlive/2022/texmf-dist/tex/generic/tex4ht/html4.4ht
version 2022-05-13-14:47
) (/usr/local/texlive/2022/texmf-dist/tex/generic/tex4ht/unicode.4ht
version 2021-06-19-14:11
) (/usr/local/texlive/2022/texmf-dist/tex/generic/tex4ht/mathml.4ht
version 2022-05-05-13:42
) (/usr/local/texlive/2022/texmf-dist/tex/generic/tex4ht/html-mml.4ht
version 2021-04-17-18:22
) (/usr/local/texlive/2022/texmf-dist/tex/generic/tex4ht/html5.4ht
version 2022-01-23-07:51
)) (/usr/local/texlive/2022/texmf-dist/tex/generic/tex4ht/svgnam.4ht
version 2009-05-21-09:32
(/usr/local/texlive/2022/texmf-dist/tex/latex/xcolor/svgnam.def) (/usr/local/te
xlive/2022/texmf-dist/tex/generic/tex4ht/html4.4ht
version 2022-05-13-14:47
) (/usr/local/texlive/2022/texmf-dist/tex/generic/tex4ht/unicode.4ht
version 2021-06-19-14:11
) (/usr/local/texlive/2022/texmf-dist/tex/generic/tex4ht/mathml.4ht
version 2022-05-05-13:42
) (/usr/local/texlive/2022/texmf-dist/tex/generic/tex4ht/html-mml.4ht
version 2021-04-17-18:22
) (/usr/local/texlive/2022/texmf-dist/tex/generic/tex4ht/html5.4ht
version 2022-01-23-07:51
)) (/usr/local/texlive/2022/texmf-dist/tex/generic/tex4ht/natbib.4ht
version 2021-06-27-08:11
(/usr/local/texlive/2022/texmf-dist/tex/generic/tex4ht/html4.4ht
version 2022-05-13-14:47
) (/usr/local/texlive/2022/texmf-dist/tex/generic/tex4ht/unicode.4ht
version 2021-06-19-14:11
) (/usr/local/texlive/2022/texmf-dist/tex/generic/tex4ht/mathml.4ht
version 2022-05-05-13:42
) (/usr/local/texlive/2022/texmf-dist/tex/generic/tex4ht/html-mml.4ht
version 2021-04-17-18:22
) (/usr/local/texlive/2022/texmf-dist/tex/generic/tex4ht/html5.4ht
version 2022-01-23-07:51
)) (/usr/local/texlive/2022/texmf-dist/tex/generic/tex4ht/multicol.4ht
version 2022-04-29-14:33
(/usr/local/texlive/2022/texmf-dist/tex/generic/tex4ht/html4.4ht
version 2022-05-13-14:47
) (/usr/local/texlive/2022/texmf-dist/tex/generic/tex4ht/unicode.4ht
version 2021-06-19-14:11
) (/usr/local/texlive/2022/texmf-dist/tex/generic/tex4ht/mathml.4ht
version 2022-05-05-13:42
) (/usr/local/texlive/2022/texmf-dist/tex/generic/tex4ht/html-mml.4ht
version 2021-04-17-18:22
) (/usr/local/texlive/2022/texmf-dist/tex/generic/tex4ht/html5.4ht
version 2022-01-23-07:51
)) (/usr/local/texlive/2022/texmf-dist/tex/generic/tex4ht/inputenc.4ht
version 2009-05-21-09:32
(/usr/local/texlive/2022/texmf-dist/tex/generic/tex4ht/html4.4ht
version 2022-05-13-14:47
) (/usr/local/texlive/2022/texmf-dist/tex/generic/tex4ht/unicode.4ht
version 2021-06-19-14:11
) (/usr/local/texlive/2022/texmf-dist/tex/generic/tex4ht/mathml.4ht
version 2022-05-05-13:42
) (/usr/local/texlive/2022/texmf-dist/tex/generic/tex4ht/html-mml.4ht
version 2021-04-17-18:22
) (/usr/local/texlive/2022/texmf-dist/tex/generic/tex4ht/html5.4ht
version 2022-01-23-07:51
)) (/usr/local/texlive/2022/texmf-dist/tex/generic/tex4ht/babel.4ht
version 2021-05-16-09:21
(/usr/local/texlive/2022/texmf-dist/tex/generic/tex4ht/html4.4ht
version 2022-05-13-14:47
) (/usr/local/texlive/2022/texmf-dist/tex/generic/tex4ht/unicode.4ht
version 2021-06-19-14:11
) (/usr/local/texlive/2022/texmf-dist/tex/generic/tex4ht/mathml.4ht
version 2022-05-05-13:42
) (/usr/local/texlive/2022/texmf-dist/tex/generic/tex4ht/html-mml.4ht
version 2021-04-17-18:22
) (/usr/local/texlive/2022/texmf-dist/tex/generic/tex4ht/html5.4ht
version 2022-01-23-07:51
)) (/usr/local/texlive/2022/texmf-dist/tex/generic/tex4ht/english.4ht
version 2009-05-21-09:32
(/usr/local/texlive/2022/texmf-dist/tex/generic/tex4ht/html4.4ht
version 2022-05-13-14:47
) (/usr/local/texlive/2022/texmf-dist/tex/generic/tex4ht/unicode.4ht
version 2021-06-19-14:11
) (/usr/local/texlive/2022/texmf-dist/tex/generic/tex4ht/mathml.4ht
version 2022-05-05-13:42
) (/usr/local/texlive/2022/texmf-dist/tex/generic/tex4ht/html-mml.4ht
version 2021-04-17-18:22
) (/usr/local/texlive/2022/texmf-dist/tex/generic/tex4ht/html5.4ht
version 2022-01-23-07:51
)) (/usr/local/texlive/2022/texmf-dist/tex/generic/tex4ht/float.4ht
version 2009-05-21-09:32
(/usr/local/texlive/2022/texmf-dist/tex/generic/tex4ht/html4.4ht
version 2022-05-13-14:47
) (/usr/local/texlive/2022/texmf-dist/tex/generic/tex4ht/unicode.4ht
version 2021-06-19-14:11
) (/usr/local/texlive/2022/texmf-dist/tex/generic/tex4ht/mathml.4ht
version 2022-05-05-13:42
) (/usr/local/texlive/2022/texmf-dist/tex/generic/tex4ht/html-mml.4ht
version 2021-04-17-18:22
) (/usr/local/texlive/2022/texmf-dist/tex/generic/tex4ht/html5.4ht
version 2022-01-23-07:51
)) (/usr/local/texlive/2022/texmf-dist/tex/generic/tex4ht/amsmath.4ht
version 2019-12-29-14:17
\tmp:muskip=\muskip18
(/usr/local/texlive/2022/texmf-dist/tex/generic/tex4ht/html4.4ht
version 2022-05-13-14:47
) (/usr/local/texlive/2022/texmf-dist/tex/generic/tex4ht/unicode.4ht
version 2021-06-19-14:11
) (/usr/local/texlive/2022/texmf-dist/tex/generic/tex4ht/mathml.4ht
version 2022-05-05-13:42
) (/usr/local/texlive/2022/texmf-dist/tex/generic/tex4ht/html-mml.4ht
version 2021-04-17-18:22
) (/usr/local/texlive/2022/texmf-dist/tex/generic/tex4ht/html5.4ht
version 2022-01-23-07:51
)) (/usr/local/texlive/2022/texmf-dist/tex/generic/tex4ht/amstext.4ht
version 2009-05-21-09:32
(/usr/local/texlive/2022/texmf-dist/tex/generic/tex4ht/html4.4ht
version 2022-05-13-14:47
) (/usr/local/texlive/2022/texmf-dist/tex/generic/tex4ht/unicode.4ht
version 2021-06-19-14:11
) (/usr/local/texlive/2022/texmf-dist/tex/generic/tex4ht/mathml.4ht
version 2022-05-05-13:42
) (/usr/local/texlive/2022/texmf-dist/tex/generic/tex4ht/html-mml.4ht
version 2021-04-17-18:22
) (/usr/local/texlive/2022/texmf-dist/tex/generic/tex4ht/html5.4ht
version 2022-01-23-07:51
)) (/usr/local/texlive/2022/texmf-dist/tex/generic/tex4ht/amsbsy.4ht
version 2009-05-21-09:32
(/usr/local/texlive/2022/texmf-dist/tex/generic/tex4ht/html4.4ht
version 2022-05-13-14:47
) (/usr/local/texlive/2022/texmf-dist/tex/generic/tex4ht/unicode.4ht
version 2021-06-19-14:11
) (/usr/local/texlive/2022/texmf-dist/tex/generic/tex4ht/mathml.4ht
version 2022-05-05-13:42
) (/usr/local/texlive/2022/texmf-dist/tex/generic/tex4ht/html-mml.4ht
version 2021-04-17-18:22
) (/usr/local/texlive/2022/texmf-dist/tex/generic/tex4ht/html5.4ht
version 2022-01-23-07:51
)) (/usr/local/texlive/2022/texmf-dist/tex/generic/tex4ht/amsopn.4ht
version 2009-05-21-09:32
(/usr/local/texlive/2022/texmf-dist/tex/generic/tex4ht/html4.4ht
version 2022-05-13-14:47
) (/usr/local/texlive/2022/texmf-dist/tex/generic/tex4ht/unicode.4ht
version 2021-06-19-14:11
) (/usr/local/texlive/2022/texmf-dist/tex/generic/tex4ht/mathml.4ht
version 2022-05-05-13:42
) (/usr/local/texlive/2022/texmf-dist/tex/generic/tex4ht/html-mml.4ht
version 2021-04-17-18:22
) (/usr/local/texlive/2022/texmf-dist/tex/generic/tex4ht/html5.4ht
version 2022-01-23-07:51
)) (/usr/local/texlive/2022/texmf-dist/tex/generic/tex4ht/amsthm.4ht
version 2009-05-21-09:32
(/usr/local/texlive/2022/texmf-dist/tex/generic/tex4ht/html4.4ht
version 2022-05-13-14:47
) (/usr/local/texlive/2022/texmf-dist/tex/generic/tex4ht/unicode.4ht
version 2021-06-19-14:11
) (/usr/local/texlive/2022/texmf-dist/tex/generic/tex4ht/mathml.4ht
version 2022-05-05-13:42
) (/usr/local/texlive/2022/texmf-dist/tex/generic/tex4ht/html-mml.4ht
version 2021-04-17-18:22
) (/usr/local/texlive/2022/texmf-dist/tex/generic/tex4ht/html5.4ht
version 2022-01-23-07:51
)) (/usr/local/texlive/2022/texmf-dist/tex/generic/tex4ht/amssymb.4ht
version 2009-05-21-09:32
(/usr/local/texlive/2022/texmf-dist/tex/generic/tex4ht/html4.4ht
version 2022-05-13-14:47
) (/usr/local/texlive/2022/texmf-dist/tex/generic/tex4ht/unicode.4ht
version 2021-06-19-14:11
) (/usr/local/texlive/2022/texmf-dist/tex/generic/tex4ht/mathml.4ht
version 2022-05-05-13:42
[54] [55] [56] [57] [58] [59] [60] [61] [62] [63] [64] [65] [66] [67] [68] [69]
[70] [71] [72] [73] [74] [75] [76] [77] [78] [79] [80] [81] [82] [83] [84] [85]
[86] [87] [88] [89] [90] [91] [92] [93] [94] [95] [96] [97] [98] [99] [100] [10
1] [102] [103] [104] [105] [106] [107] [108] [109] [110] [111] [112] [113] [114
] [115] [116] [117] [118] [119] [120] [121] [122] [123] [124] [125] [126] [127]
[128] [129] [130] [131] [132] [133] [134] [135] [136] [137] [138] [139] [140] [
141] [142] [143] [144] [145] [146] [147] [148] [149] [150] [151] [152] [153] [1
54] [155] [156] [157] [158] [159] [160] [161] [162] [163] [164] [165] [166] [16
7] [168] [169] [170] [171] [172] [173] [174] [175] [176] [177] [178] [179] [180
] [181] [182] [183] [184] [185] [186] [187] [188] [189] [190] [191] [192] [193]
[194] [195] [196] [197] [198] [199] [200] [201] [202] [203] [204] [205] [206] [
207] [208] [209] [210] [211] [212] [213] [214] [215] [216] [217] [218] [219] [2
20] [221] [222] [223] [224] [225] [226] [227] [228] [229] [230] [231] [232] [23
3] [234] [235] [236] [237] [238] [239] [240] [241] [242] [243] [244] [245] [246
] [247] [248] [249] [250] [251] [252] [253] [254] [255] [256] [257]) (/usr/loca
l/texlive/2022/texmf-dist/tex/generic/tex4ht/html-mml.4ht
version 2021-04-17-18:22
) (/usr/local/texlive/2022/texmf-dist/tex/generic/tex4ht/html5.4ht
version 2022-01-23-07:51
)) (/usr/local/texlive/2022/texmf-dist/tex/generic/tex4ht/amsfonts.4ht
version 2009-05-21-09:32
(/usr/local/texlive/2022/texmf-dist/tex/generic/tex4ht/html4.4ht
version 2022-05-13-14:47
) (/usr/local/texlive/2022/texmf-dist/tex/generic/tex4ht/unicode.4ht
version 2021-06-19-14:11
) (/usr/local/texlive/2022/texmf-dist/tex/generic/tex4ht/mathml.4ht
version 2022-05-05-13:42
) (/usr/local/texlive/2022/texmf-dist/tex/generic/tex4ht/html-mml.4ht
version 2021-04-17-18:22
) (/usr/local/texlive/2022/texmf-dist/tex/generic/tex4ht/html5.4ht
version 2022-01-23-07:51
)) (/usr/local/texlive/2022/texmf-dist/tex/generic/tex4ht/hyperref.4ht
version 2022-04-14-13:38
LaTeX Info: Redefining \autoref on input line 88.
\Hy@SectionHShift=\skip100
(/usr/local/texlive/2022/texmf-dist/tex/generic/tex4ht/html4.4ht
version 2022-05-13-14:47
) (/usr/local/texlive/2022/texmf-dist/tex/generic/tex4ht/unicode.4ht
version 2021-06-19-14:11
) (/usr/local/texlive/2022/texmf-dist/tex/generic/tex4ht/mathml.4ht
version 2022-05-05-13:42
) (/usr/local/texlive/2022/texmf-dist/tex/generic/tex4ht/html-mml.4ht
version 2021-04-17-18:22
) (/usr/local/texlive/2022/texmf-dist/tex/generic/tex4ht/html5.4ht
version 2022-01-23-07:51
)) (/usr/local/texlive/2022/texmf-dist/tex/generic/tex4ht/pd1enc.4ht
version 2009-05-21-09:32
(/usr/local/texlive/2022/texmf-dist/tex/generic/tex4ht/html4.4ht
version 2022-05-13-14:47
) (/usr/local/texlive/2022/texmf-dist/tex/generic/tex4ht/unicode.4ht
version 2021-06-19-14:11
) (/usr/local/texlive/2022/texmf-dist/tex/generic/tex4ht/mathml.4ht
version 2022-05-05-13:42
) (/usr/local/texlive/2022/texmf-dist/tex/generic/tex4ht/html-mml.4ht
version 2021-04-17-18:22
) (/usr/local/texlive/2022/texmf-dist/tex/generic/tex4ht/html5.4ht
version 2022-01-23-07:51
)) (/usr/local/texlive/2022/texmf-dist/tex/generic/tex4ht/url.4ht
version 2022-01-02-14:32
(/usr/local/texlive/2022/texmf-dist/tex/generic/tex4ht/html4.4ht
version 2022-05-13-14:47
--------------------------------------
--- Note --- for URL encoding within href use the command line option `url-enc'

--------------------------------------
) (/usr/local/texlive/2022/texmf-dist/tex/generic/tex4ht/unicode.4ht
version 2021-06-19-14:11
) (/usr/local/texlive/2022/texmf-dist/tex/generic/tex4ht/mathml.4ht
version 2022-05-05-13:42
) (/usr/local/texlive/2022/texmf-dist/tex/generic/tex4ht/html-mml.4ht
version 2021-04-17-18:22
) (/usr/local/texlive/2022/texmf-dist/tex/generic/tex4ht/html5.4ht
version 2022-01-23-07:51
)) (/usr/local/texlive/2022/texmf-dist/tex/generic/tex4ht/nameref.4ht
version 2022-04-13-13:14
(/usr/local/texlive/2022/texmf-dist/tex/generic/tex4ht/html4.4ht
version 2022-05-13-14:47
) (/usr/local/texlive/2022/texmf-dist/tex/generic/tex4ht/unicode.4ht
version 2021-06-19-14:11
) (/usr/local/texlive/2022/texmf-dist/tex/generic/tex4ht/mathml.4ht
version 2022-05-05-13:42
) (/usr/local/texlive/2022/texmf-dist/tex/generic/tex4ht/html-mml.4ht
version 2021-04-17-18:22
) (/usr/local/texlive/2022/texmf-dist/tex/generic/tex4ht/html5.4ht
version 2022-01-23-07:51
)) (/usr/local/texlive/2022/texmf-dist/tex/generic/tex4ht/html4.4ht
version 2022-05-13-14:47
) (/usr/local/texlive/2022/texmf-dist/tex/generic/tex4ht/unicode.4ht
version 2021-06-19-14:11
) (/usr/local/texlive/2022/texmf-dist/tex/generic/tex4ht/mathml.4ht
version 2022-05-05-13:42
) (/usr/local/texlive/2022/texmf-dist/tex/generic/tex4ht/html-mml.4ht
version 2021-04-17-18:22
) (/usr/local/texlive/2022/texmf-dist/tex/generic/tex4ht/html5.4ht
version 2022-01-23-07:51
)) (/usr/local/texlive/2022/texmf-dist/tex/latex/l3backend/l3backend-dvips.def
File: l3backend-dvips.def 2022-04-20 L3 backend support: dvips
\l__pdf_internal_box=\box104
\g__pdf_backend_object_int=\count308
\l__pdf_backend_content_box=\box105
\l__pdf_backend_model_box=\box106
\g__pdf_backend_annotation_int=\count309
\g__pdf_backend_link_int=\count310
\g__pdf_backend_link_sf_int=\count311
)

LaTeX Warning: Unused global option(s):
    [12pt].

(./2022_12_25_Proof_Stochastic_Gradient_Descent.aux)
\openout1 = `2022_12_25_Proof_Stochastic_Gradient_Descent.aux'.

LaTeX Font Info:    Checking defaults for OML/cmm/m/it on input line 49.
LaTeX Font Info:    ... okay on input line 49.
LaTeX Font Info:    Checking defaults for OMS/cmsy/m/n on input line 49.
LaTeX Font Info:    ... okay on input line 49.
LaTeX Font Info:    Checking defaults for OT1/cmr/m/n on input line 49.
LaTeX Font Info:    ... okay on input line 49.
LaTeX Font Info:    Checking defaults for T1/cmr/m/n on input line 49.
LaTeX Font Info:    ... okay on input line 49.
LaTeX Font Info:    Checking defaults for TS1/cmr/m/n on input line 49.
LaTeX Font Info:    ... okay on input line 49.
LaTeX Font Info:    Checking defaults for OMX/cmex/m/n on input line 49.
LaTeX Font Info:    ... okay on input line 49.
LaTeX Font Info:    Checking defaults for U/cmr/m/n on input line 49.
LaTeX Font Info:    ... okay on input line 49.
LaTeX Font Info:    Checking defaults for PD1/pdf/m/n on input line 49.
LaTeX Font Info:    ... okay on input line 49.
LaTeX Font Info:    Checking defaults for PU/pdf/m/n on input line 49.
LaTeX Font Info:    ... okay on input line 49.
*geometry* driver: auto-detecting
*geometry* detected driver: dvips

LaTeX Warning: First page is already shipped out, ignoring
               \AtBeginDvi on input line 49.

*geometry* verbose mode - [ preamble ] result:
* driver: dvips
* paper: letterpaper
* layout: <same size as paper>
* layoutoffset:(h,v)=(0.0pt,0.0pt)
* modes: twoside asymmetric 
* h-part:(L,W,R)=(72.26999pt, 312.0pt, 230.02501pt)
* v-part:(T,H,B)=(72.26999pt, 616.0pt, 106.7pt)
* \paperwidth=614.295pt
* \paperheight=794.96999pt
* \textwidth=312.0pt
* \textheight=616.0pt
* \oddsidemargin=0.0pt
* \evensidemargin=0.0pt
* \topmargin=-42.0pt
* \headheight=14.0pt
* \headsep=28.0pt
* \topskip=10.0pt
* \footskip=30.0pt
* \marginparwidth=144.0pt
* \marginparsep=24.0pt
* \columnsep=10.0pt
* \skip\footins=9.0pt plus 4.0pt minus 2.0pt
* \hoffset=0.0pt
* \voffset=0.0pt
* \mag=1000
* \@twocolumnfalse
* \@twosidetrue
* \@mparswitchfalse
* \@reversemarginfalse
* (1in=72.27pt=25.4mm, 1cm=28.453pt)

\langwohyphens=\language88

LaTeX Warning: First page is already shipped out, ignoring
               \AtBeginDvi on input line 49.

Package hyperref Info: Link coloring OFF on input line 49.
--- file 2022_12_25_Proof_Stochastic_Gradient_Descent.css ---
[1]
LaTeX Font Info:    Trying to load font information for T1+fvm on input line 55
.
(/usr/local/texlive/2022/texmf-dist/tex/latex/bera/t1fvm.fd
File: t1fvm.fd 2004/09/07 scalable font definitions for T1/fvm.
)
LaTeX Font Info:    Font shape `T1/fvm/m/n' will be
(Font)              scaled to size 8.50006pt on input line 55.
LaTeX Font Info:    Font shape `T1/fvm/b/n' will be
(Font)              scaled to size 8.50006pt on input line 57.
LaTeX Font Info:    Font shape `U/msa/m/n' will be
(Font)              scaled to size 8.33606pt on input line 60.
LaTeX Font Info:    Font shape `U/msa/m/n' will be
(Font)              scaled to size 5.21004pt on input line 60.
LaTeX Font Info:    Font shape `U/msb/m/n' will be
(Font)              scaled to size 8.33606pt on input line 60.
LaTeX Font Info:    Font shape `U/msb/m/n' will be
(Font)              scaled to size 5.21004pt on input line 60.
LaTeX Font Info:    Trying to load font information for U+fplmbb on input line 
63.
(/usr/local/texlive/2022/texmf-dist/tex/latex/psnfss/ufplmbb.fd
File: ufplmbb.fd 2003/10/30 Fontinst v1.914 font definitions for U/fplmbb.
)
LaTeX Font Info:    Trying to load font information for TS1+pplj on input line 
74.
(/usr/local/texlive/2022/texmf-dist/tex/latex/psnfss/ts1pplj.fd
File: ts1pplj.fd 2004/09/06 font definitions for TS1/pplj.
) [2] [3] [4

]
LaTeX Font Info:    Font shape `U/msa/m/n' will be
(Font)              scaled to size 9.37807pt on input line 88.
LaTeX Font Info:    Font shape `U/msa/m/n' will be
(Font)              scaled to size 7.29405pt on input line 88.
LaTeX Font Info:    Font shape `U/msb/m/n' will be
(Font)              scaled to size 9.37807pt on input line 88.
LaTeX Font Info:    Font shape `U/msb/m/n' will be
(Font)              scaled to size 7.29405pt on input line 88.
[5

] [6

] [7] [8]

Package bibentry Warning: You have used \nobibliography* 
(bibentry)                without a following \bibliography.
(bibentry)                You may not be able to run BibTeX.

[9] [10] (./2022_12_25_Proof_Stochastic_Gradient_Descent.aux)

LaTeX Font Warning: Some font shapes were not available, defaults substituted.

 ) 
Here is how much of TeX's memory you used:
 19914 strings out of 478301
 312137 string characters out of 5845151
 781374 words of memory out of 5000000
 37339 multiletter control sequences out of 15000+600000
 517239 words of font info for 124 fonts, out of 8000000 for 9000
 1141 hyphenation exceptions out of 8191
 99i,21n,114p,928b,606s stack positions out of 10000i,1000n,20000p,200000b,200000s

Output written on 2022_12_25_Proof_Stochastic_Gradient_Descent.dvi (267 pages, 
178836 bytes).
